2019-09-24 11:10:43.837  INFO 57250 --- [main] a.p.ls.mscollege.MsCollegeApplication    : Starting MsCollegeApplication on Nigars-MacBook-Pro-3.local with PID 57250 (/Users/nmovsumova/learning-session/ms-college/out/production/classes started by nmovsumova in /Users/nmovsumova/learning-session/ms-college)
2019-09-24 11:10:43.840  INFO 57250 --- [main] a.p.ls.mscollege.MsCollegeApplication    : No active profile set, falling back to default profiles: default
2019-09-24 11:10:46.801  INFO 57255 --- [main] a.p.ls.mscollege.MsCollegeApplication    : Starting MsCollegeApplication on Nigars-MacBook-Pro-3.local with PID 57255 (/Users/nmovsumova/learning-session/ms-college/out/production/classes started by nmovsumova in /Users/nmovsumova/learning-session/ms-college)
2019-09-24 11:10:46.803  INFO 57255 --- [main] a.p.ls.mscollege.MsCollegeApplication    : No active profile set, falling back to default profiles: default
2019-09-24 11:10:47.458  INFO 57255 --- [main] .s.d.r.c.RepositoryConfigurationDelegate : Bootstrapping Spring Data repositories in DEFAULT mode.
2019-09-24 11:10:47.499  INFO 57255 --- [main] .s.d.r.c.RepositoryConfigurationDelegate : Finished Spring Data repository scanning in 37ms. Found 1 repository interfaces.
2019-09-24 11:10:47.748  INFO 57255 --- [main] trationDelegate$BeanPostProcessorChecker : Bean 'org.springframework.transaction.annotation.ProxyTransactionManagementConfiguration' of type [org.springframework.transaction.annotation.ProxyTransactionManagementConfiguration$$EnhancerBySpringCGLIB$$8271ee1] is not eligible for getting processed by all BeanPostProcessors (for example: not eligible for auto-proxying)
2019-09-24 11:10:47.969  INFO 57255 --- [main] o.s.b.w.embedded.tomcat.TomcatWebServer  : Tomcat initialized with port(s): 8080 (http)
2019-09-24 11:10:48.008  INFO 57255 --- [main] o.apache.catalina.core.StandardService   : Starting service [Tomcat]
2019-09-24 11:10:48.009  INFO 57255 --- [main] org.apache.catalina.core.StandardEngine  : Starting Servlet engine: [Apache Tomcat/9.0.24]
2019-09-24 11:10:48.158  INFO 57255 --- [main] o.a.c.c.C.[Tomcat].[localhost].[/]       : Initializing Spring embedded WebApplicationContext
2019-09-24 11:10:48.159 DEBUG 57255 --- [main] o.s.web.context.ContextLoader            : Published root WebApplicationContext as ServletContext attribute with name [org.springframework.web.context.WebApplicationContext.ROOT]
2019-09-24 11:10:48.160  INFO 57255 --- [main] o.s.web.context.ContextLoader            : Root WebApplicationContext: initialization completed in 1332 ms
2019-09-24 11:10:48.329  INFO 57255 --- [main] com.zaxxer.hikari.HikariDataSource       : HikariPool-1 - Starting...
2019-09-24 11:10:49.715  INFO 57255 --- [main] com.zaxxer.hikari.HikariDataSource       : HikariPool-1 - Start completed.
2019-09-24 11:10:49.755  INFO 57255 --- [main] o.hibernate.jpa.internal.util.LogHelper  : HHH000204: Processing PersistenceUnitInfo [
	name: default
	...]
2019-09-24 11:10:49.791  INFO 57255 --- [main] org.hibernate.Version                    : HHH000412: Hibernate Core {5.3.11.Final}
2019-09-24 11:10:49.791  INFO 57255 --- [main] org.hibernate.cfg.Environment            : HHH000206: hibernate.properties not found
2019-09-24 11:10:49.878  INFO 57255 --- [main] o.hibernate.annotations.common.Version   : HCANN000001: Hibernate Commons Annotations {5.0.4.Final}
2019-09-24 11:10:49.964  INFO 57255 --- [main] org.hibernate.dialect.Dialect            : HHH000400: Using dialect: org.hibernate.dialect.MySQL5Dialect
2019-09-24 11:10:50.821  INFO 57255 --- [main] j.LocalContainerEntityManagerFactoryBean : Initialized JPA EntityManagerFactory for persistence unit 'default'
2019-09-24 11:10:51.443  WARN 57255 --- [main] aWebConfiguration$JpaWebMvcConfiguration : spring.jpa.open-in-view is enabled by default. Therefore, database queries may be performed during view rendering. Explicitly configure spring.jpa.open-in-view to disable this warning
2019-09-24 11:10:51.498 DEBUG 57255 --- [main] s.w.s.m.m.a.RequestMappingHandlerMapping : 10 mappings in 'requestMappingHandlerMapping'
2019-09-24 11:10:51.550  INFO 57255 --- [main] pertySourcedRequestMappingHandlerMapping : Mapped URL path [/v2/api-docs] onto method [public org.springframework.http.ResponseEntity<springfox.documentation.spring.web.json.Json> springfox.documentation.swagger2.web.Swagger2Controller.getDocumentation(java.lang.String,javax.servlet.http.HttpServletRequest)]
2019-09-24 11:10:51.593 DEBUG 57255 --- [main] o.s.w.s.handler.SimpleUrlHandlerMapping  : Patterns [/**/favicon.ico] in 'faviconHandlerMapping'
2019-09-24 11:10:51.687  INFO 57255 --- [main] o.s.s.concurrent.ThreadPoolTaskExecutor  : Initializing ExecutorService 'applicationTaskExecutor'
2019-09-24 11:10:51.744 DEBUG 57255 --- [main] s.w.s.m.m.a.RequestMappingHandlerAdapter : ControllerAdvice beans: 0 @ModelAttribute, 0 @InitBinder, 1 RequestBodyAdvice, 1 ResponseBodyAdvice
2019-09-24 11:10:51.792 DEBUG 57255 --- [main] o.s.w.s.handler.SimpleUrlHandlerMapping  : Patterns [/webjars/**, /**] in 'resourceHandlerMapping'
2019-09-24 11:10:51.799 DEBUG 57255 --- [main] .m.m.a.ExceptionHandlerExceptionResolver : ControllerAdvice beans: 0 @ExceptionHandler, 1 ResponseBodyAdvice
2019-09-24 11:10:51.879  INFO 57255 --- [main] d.s.w.p.DocumentationPluginsBootstrapper : Context refreshed
2019-09-24 11:10:51.890  INFO 57255 --- [main] d.s.w.p.DocumentationPluginsBootstrapper : Found 1 custom documentation plugin(s)
2019-09-24 11:10:51.920  INFO 57255 --- [main] s.d.s.w.s.ApiListingReferenceScanner     : Scanning for api listing references
2019-09-24 11:10:52.152  INFO 57255 --- [main] o.s.b.w.embedded.tomcat.TomcatWebServer  : Tomcat started on port(s): 8080 (http) with context path ''
2019-09-24 11:10:52.157  INFO 57255 --- [main] a.p.ls.mscollege.MsCollegeApplication    : Started MsCollegeApplication in 5.612 seconds (JVM running for 6.163)
2019-09-24 11:24:24.128  WARN 57255 --- [HikariPool-1 housekeeper] com.zaxxer.hikari.pool.HikariPool        : HikariPool-1 - Thread starvation or clock leap detected (housekeeper delta=2m4s234ms).
2019-09-24 12:01:32.616  INFO 57255 --- [http-nio-8080-exec-2] o.a.c.c.C.[Tomcat].[localhost].[/]       : Initializing Spring DispatcherServlet 'dispatcherServlet'
2019-09-24 12:01:32.616  INFO 57255 --- [http-nio-8080-exec-2] o.s.web.servlet.DispatcherServlet        : Initializing Servlet 'dispatcherServlet'
2019-09-24 12:01:32.617 DEBUG 57255 --- [http-nio-8080-exec-2] o.s.web.servlet.DispatcherServlet        : Detected StandardServletMultipartResolver
2019-09-24 12:01:32.641 DEBUG 57255 --- [http-nio-8080-exec-2] o.s.web.servlet.DispatcherServlet        : enableLoggingRequestDetails='false': request parameters and headers will be masked to prevent unsafe logging of potentially sensitive data
2019-09-24 12:01:32.641  INFO 57255 --- [http-nio-8080-exec-2] o.s.web.servlet.DispatcherServlet        : Completed initialization in 25 ms
2019-09-24 12:01:32.650 DEBUG 57255 --- [http-nio-8080-exec-2] o.s.web.servlet.DispatcherServlet        : GET "/", parameters={}
2019-09-24 12:01:32.660 DEBUG 57255 --- [http-nio-8080-exec-2] o.s.w.s.handler.SimpleUrlHandlerMapping  : Mapped to ResourceHttpRequestHandler ["classpath:/META-INF/resources/", "classpath:/resources/", "classpath:/static/", "classpath:/public/", "/"]
2019-09-24 12:01:32.666 DEBUG 57255 --- [http-nio-8080-exec-2] o.s.w.s.r.ResourceHttpRequestHandler     : Resource not found
2019-09-24 12:01:32.667 DEBUG 57255 --- [http-nio-8080-exec-2] o.s.web.servlet.DispatcherServlet        : Completed 404 NOT_FOUND
2019-09-24 12:01:32.673 DEBUG 57255 --- [http-nio-8080-exec-2] o.s.web.servlet.DispatcherServlet        : "ERROR" dispatch for GET "/error", parameters={}
2019-09-24 12:01:32.676 DEBUG 57255 --- [http-nio-8080-exec-2] s.w.s.m.m.a.RequestMappingHandlerMapping : Mapped to public org.springframework.http.ResponseEntity<java.util.Map<java.lang.String, java.lang.Object>> org.springframework.boot.autoconfigure.web.servlet.error.BasicErrorController.error(javax.servlet.http.HttpServletRequest)
2019-09-24 12:01:32.705 DEBUG 57255 --- [http-nio-8080-exec-2] o.s.w.s.m.m.a.HttpEntityMethodProcessor  : Using 'application/json', given [*/*] and supported [application/json, application/*+json, application/json, application/*+json]
2019-09-24 12:01:32.706 DEBUG 57255 --- [http-nio-8080-exec-2] o.s.w.s.m.m.a.HttpEntityMethodProcessor  : Writing [{timestamp=Tue Sep 24 12:01:32 AZT 2019, status=404, error=Not Found, message=No message available,  (truncated)...]
2019-09-24 12:01:32.730 DEBUG 57255 --- [http-nio-8080-exec-2] o.s.web.servlet.DispatcherServlet        : Exiting from "ERROR" dispatch, status 404
2019-09-24 13:28:33.153  WARN 57255 --- [HikariPool-1 housekeeper] com.zaxxer.hikari.pool.HikariPool        : HikariPool-1 - Thread starvation or clock leap detected (housekeeper delta=4m10s298ms).
